<?xml version="1.0" encoding="UTF-8"?>
<testsuite xmlns:xsi="http://www.w3.org/2001/XMLSchema-instance" xsi:noNamespaceSchemaLocation="https://maven.apache.org/surefire/maven-surefire-plugin/xsd/surefire-test-report-3.0.xsd" version="3.0" name="TestSuite" time="33.797" tests="3" errors="0" skipped="0" failures="1">
  <properties>
[...]
</properties>
  <testcase name="LaunchAmazon" classname="BasicPackage.BaseClass" time="24.812"/>
  <testcase name="getTitleAmazon" classname="BasicPackage.BaseClass" time="0.262">
    <failure message="expected [www.amazon.com] but found [Amazon.com: Online Shopping for Electronics, Apparel, Computers, Books, DVDs &amp; more]" type="java.lang.AssertionError"><![CDATA[java.lang.AssertionError: expected [www.amazon.com] but found [Amazon.com: Online Shopping for Electronics, Apparel, Computers, Books, DVDs & more]
	at BasicPackage.BaseClass.getTitleAmazon(BaseClass.java:61)
]]></failure>
    <system-out><![CDATA[Actual title is Amazon.com: Online Shopping for Electronics, Apparel, Computers, Books, DVDs & more
]]></system-out>
  </testcase>
  <testcase name="getCurrentUrlAmazon" classname="BasicPackage.BaseClass" time="0.041"/>
</testsuite>