-------------------------------------------------------------------------------
Test set: TestSuite
-------------------------------------------------------------------------------
Tests run: 3, Failures: 1, Errors: 0, Skipped: 0, Time elapsed: 33.797 s <<< FAILURE! - in TestSuite
getTitleAmazon(BasicPackage.BaseClass)  Time elapsed: 0.262 s  <<< FAILURE!
java.lang.AssertionError: expected [www.amazon.com] but found [Amazon.com: Online Shopping for Electronics, Apparel, Computers, Books, DVDs & more]
	at BasicPackage.BaseClass.getTitleAmazon(BaseClass.java:61)

