<?xml version="1.0" encoding="UTF-8"?>
<!-- Generated by org.testng.reporters.JUnitXMLReporter -->
<testsuite hostname="DESKTOP-MI5D1LI" name="Smoke" tests="3" failures="1" timestamp="1 Nov 2019 13:10:08 GMT" time="25.15" errors="0">
  <testcase name="LaunchAmazon" time="24.824" classname="BasicPackage.BaseClass"/>
  <testcase name="getTitleAmazon" time="0.016" classname="BasicPackage.BaseClass">
    <failure type="java.lang.AssertionError" message="expected [www.amazon.com] but found [Amazon.com: Online Shopping for Electronics, Apparel, Computers, Books, DVDs &amp;amp; more]">
      <![CDATA[java.lang.AssertionError: expected [www.amazon.com] but found [Amazon.com: Online Shopping for Electronics, Apparel, Computers, Books, DVDs & more]
	at BasicPackage.BaseClass.getTitleAmazon(BaseClass.java:61)
	at org.apache.maven.surefire.testng.TestNGExecutor.run(TestNGExecutor.java:283)
	at org.apache.maven.surefire.testng.TestNGXmlTestSuite.execute(TestNGXmlTestSuite.java:75)
	at org.apache.maven.surefire.testng.TestNGProvider.invoke(TestNGProvider.java:120)
	at org.apache.maven.surefire.booter.ForkedBooter.invokeProviderInSameClassLoader(ForkedBooter.java:384)
	at org.apache.maven.surefire.booter.ForkedBooter.runSuitesInProcess(ForkedBooter.java:345)
	at org.apache.maven.surefire.booter.ForkedBooter.execute(ForkedBooter.java:126)
	at org.apache.maven.surefire.booter.ForkedBooter.main(ForkedBooter.java:418)
... Removed 26 stack frames]]>
    </failure>
  </testcase> <!-- getTitleAmazon -->
  <testcase name="getCurrentUrlAmazon" time="0.037" classname="BasicPackage.BaseClass"/>
</testsuite> <!-- Smoke -->
